INFO  time: initialize in 0.25s
INFO  Selected port 5031
Dec 10, 2019 8:51:39 PM org.xnio.Xnio <clinit>
INFO: XNIO version 3.6.5.Final
Dec 10, 2019 8:51:39 PM org.xnio.nio.NioXnio <clinit>
INFO: XNIO NIO Implementation Version 3.6.5.Final
Dec 10, 2019 8:51:39 PM org.jboss.threads.Version <clinit>
INFO: JBoss Threads version 2.3.0.Beta2
INFO  Started Metals http server at http://127.0.0.1:5031
WARN  no build target: /home/sdrafahl/code/DungeonMasterApi/dungeonmasterapi/src/main/scala/com/dungeonMaster/dungeonmasterapi/DungeonmasterapiServer.scala
INFO  running '/usr/lib/jvm/java-8-openjdk-amd64/jre/bin/java -Djline.terminal=jline.UnsupportedTerminal -Dsbt.log.noformat=true -Dfile.encoding=UTF-8 -jar /tmp/metals127568591399087765/sbt-launch.jar metalsEnable bloopInstall'
INFO  no build target: using presentation compiler with only scala-library
INFO  [info] Loading settings for project global-plugins from metals.sbt ...
INFO  [info] Loading global plugins from /home/sdrafahl/.sbt/1.0/plugins
INFO  [info] Updating ProjectRef(uri("file:/home/sdrafahl/.sbt/1.0/plugins/"), "global-plugins")...
INFO  [info] downloading https://repo1.maven.org/maven2/ch/epfl/scala/bloop-config_2.12/1.3.2/bloop-config_2.12-1.3.2.jar ...
INFO  [info] downloading https://repo1.maven.org/maven2/io/circe/circe-parser_2.12/0.9.3/circe-parser_2.12-0.9.3.jar ...
INFO  [info] downloading https://repo1.maven.org/maven2/io/circe/circe-derivation_2.12/0.9.0-M3/circe-derivation_2.12-0.9.0-M3.jar ...
INFO  [info] downloading https://repo1.maven.org/maven2/ch/epfl/scala/sbt-bloop_2.12_1.0/1.3.2/sbt-bloop-1.3.2.jar ...
INFO  [info] downloading https://repo1.maven.org/maven2/io/circe/circe-jawn_2.12/0.9.3/circe-jawn_2.12-0.9.3.jar ...
INFO  [info] downloading https://repo1.maven.org/maven2/org/scalameta/sbt-metals_2.12_1.0/0.7.0/sbt-metals-0.7.0.jar ...
INFO  [info] 	[SUCCESSFUL ] ch.epfl.scala#bloop-config_2.12;1.3.2!bloop-config_2.12.jar (476ms)
INFO  [info] 	[SUCCESSFUL ] io.circe#circe-jawn_2.12;0.9.3!circe-jawn_2.12.jar (401ms)
INFO  [info] downloading https://repo1.maven.org/maven2/io/circe/circe-core_2.12/0.9.3/circe-core_2.12-0.9.3.jar ...
INFO  [info] downloading https://repo1.maven.org/maven2/org/spire-math/jawn-parser_2.12/0.11.1/jawn-parser_2.12-0.11.1.jar ...
INFO  [info] 	[SUCCESSFUL ] io.circe#circe-parser_2.12;0.9.3!circe-parser_2.12.jar (554ms)
INFO  [info] downloading https://repo1.maven.org/maven2/io/circe/circe-numbers_2.12/0.9.3/circe-numbers_2.12-0.9.3.jar ...
INFO  [info] 	[SUCCESSFUL ] org.scalameta#sbt-metals;0.7.0!sbt-metals.jar (579ms)
INFO  [info] downloading https://repo1.maven.org/maven2/org/typelevel/cats-core_2.12/1.0.1/cats-core_2.12-1.0.1.jar ...
INFO  [info] 	[SUCCESSFUL ] io.circe#circe-derivation_2.12;0.9.0-M3!circe-derivation_2.12.jar (656ms)
INFO  [info] downloading https://repo1.maven.org/maven2/org/typelevel/cats-macros_2.12/1.0.1/cats-macros_2.12-1.0.1.jar ...
INFO  [info] 	[SUCCESSFUL ] ch.epfl.scala#sbt-bloop;1.3.2!sbt-bloop.jar (817ms)
INFO  [info] downloading https://repo1.maven.org/maven2/org/typelevel/cats-kernel_2.12/1.0.1/cats-kernel_2.12-1.0.1.jar ...
INFO  [info] 	[SUCCESSFUL ] org.spire-math#jawn-parser_2.12;0.11.1!jawn-parser_2.12.jar (437ms)
INFO  [info] downloading https://repo1.maven.org/maven2/org/typelevel/machinist_2.12/0.6.2/machinist_2.12-0.6.2.jar ...
INFO  [info] 	[SUCCESSFUL ] io.circe#circe-numbers_2.12;0.9.3!circe-numbers_2.12.jar (534ms)
INFO  [info] 	[SUCCESSFUL ] org.typelevel#cats-macros_2.12;1.0.1!cats-macros_2.12.jar (567ms)
INFO  [info] 	[SUCCESSFUL ] org.typelevel#machinist_2.12;0.6.2!machinist_2.12.jar (672ms)
INFO  [info] 	[SUCCESSFUL ] io.circe#circe-core_2.12;0.9.3!circe-core_2.12.jar (2576ms)
